  MainCode.cpp
C:\Users\eliza\Documents\CS330Content\Utilities\linmath.h(64,1): warning C4244: 'initializing': conversion from 'double' to 'float', possible loss of data
  (compiling source file 'Source/MainCode.cpp')
  
C:\Users\eliza\Documents\CS330Content\Utilities\linmath.h(65,1): warning C4244: 'initializing': conversion from 'double' to 'float', possible loss of data
  (compiling source file 'Source/MainCode.cpp')
  
C:\Users\eliza\Documents\CS330Content\Utilities\linmath.h(66,1): warning C4244: 'initializing': conversion from 'double' to 'float', possible loss of data
  (compiling source file 'Source/MainCode.cpp')
  
C:\Users\eliza\Documents\CS330Content\Utilities\linmath.h(344,17): warning C4244: '=': conversion from 'double' to 'float', possible loss of data
  (compiling source file 'Source/MainCode.cpp')
  
C:\Users\eliza\Documents\CS330Content\Utilities\linmath.h(597,18): warning C4244: 'argument': conversion from 'double' to 'float', possible loss of data
  (compiling source file 'Source/MainCode.cpp')
  
C:\Users\eliza\Documents\CS330Content\Utilities\linmath.h(604,18): warning C4244: 'argument': conversion from 'double' to 'float', possible loss of data
  (compiling source file 'Source/MainCode.cpp')
  
C:\Program Files (x86)\Windows Kits\10\Include\10.0.22621.0\shared\minwindef.h(130,9): warning C4005: 'APIENTRY': macro redefinition
  (compiling source file 'Source/MainCode.cpp')
      C:\Users\eliza\Documents\CS330Content\Libraries\GLFW\include\GLFW\glfw3.h(123,11):
      see previous definition of 'APIENTRY'
  
C:\Users\eliza\Documents\CS330Content\Projects\8-2_Assignment\Source\MainCode.cpp(13,31): warning C4305: 'initializing': truncation from 'double' to 'float'
C:\Users\eliza\Documents\CS330Content\Projects\8-2_Assignment\Source\MainCode.cpp(73,16): warning C4305: 'initializing': truncation from 'double' to 'float'
C:\Users\eliza\Documents\CS330Content\Projects\8-2_Assignment\Source\MainCode.cpp(80,7): warning C4244: '=': conversion from 'double' to 'float', possible loss of data
C:\Users\eliza\Documents\CS330Content\Projects\8-2_Assignment\Source\MainCode.cpp(81,7): warning C4244: '=': conversion from 'double' to 'float', possible loss of data
C:\Users\eliza\Documents\CS330Content\Projects\8-2_Assignment\Source\MainCode.cpp(82,12): warning C4244: '=': conversion from 'double' to 'float', possible loss of data
C:\Users\eliza\Documents\CS330Content\Projects\8-2_Assignment\Source\MainCode.cpp(118,11): warning C4244: '=': conversion from 'double' to 'float', possible loss of data
C:\Users\eliza\Documents\CS330Content\Projects\8-2_Assignment\Source\MainCode.cpp(119,11): warning C4244: '=': conversion from 'double' to 'float', possible loss of data
C:\Users\eliza\Documents\CS330Content\Projects\8-2_Assignment\Source\MainCode.cpp(134,12): warning C4244: '=': conversion from 'double' to 'float', possible loss of data
C:\Users\eliza\Documents\CS330Content\Projects\8-2_Assignment\Source\MainCode.cpp(135,12): warning C4244: '=': conversion from 'double' to 'float', possible loss of data
C:\Users\eliza\Documents\CS330Content\Projects\8-2_Assignment\Source\MainCode.cpp(153,14): warning C4305: '+=': truncation from 'double' to 'float'
C:\Users\eliza\Documents\CS330Content\Projects\8-2_Assignment\Source\MainCode.cpp(166,14): warning C4305: '+=': truncation from 'double' to 'float'
C:\Users\eliza\Documents\CS330Content\Projects\8-2_Assignment\Source\MainCode.cpp(179,14): warning C4305: '+=': truncation from 'double' to 'float'
C:\Users\eliza\Documents\CS330Content\Projects\8-2_Assignment\Source\MainCode.cpp(192,14): warning C4305: '+=': truncation from 'double' to 'float'
C:\Users\eliza\Documents\CS330Content\Projects\8-2_Assignment\Source\MainCode.cpp(220,12): warning C4244: 'argument': conversion from 'time_t' to 'unsigned int', possible loss of data
C:\Users\eliza\Documents\CS330Content\Projects\8-2_Assignment\Source\MainCode.cpp(238,38): warning C4305: 'argument': truncation from 'double' to 'float'
C:\Users\eliza\Documents\CS330Content\Projects\8-2_Assignment\Source\MainCode.cpp(238,31): warning C4305: 'argument': truncation from 'double' to 'float'
C:\Users\eliza\Documents\CS330Content\Projects\8-2_Assignment\Source\MainCode.cpp(239,41): warning C4305: 'argument': truncation from 'double' to 'float'
C:\Users\eliza\Documents\CS330Content\Projects\8-2_Assignment\Source\MainCode.cpp(239,35): warning C4305: 'argument': truncation from 'double' to 'float'
C:\Users\eliza\Documents\CS330Content\Projects\8-2_Assignment\Source\MainCode.cpp(240,42): warning C4305: 'argument': truncation from 'double' to 'float'
C:\Users\eliza\Documents\CS330Content\Projects\8-2_Assignment\Source\MainCode.cpp(240,35): warning C4305: 'argument': truncation from 'double' to 'float'
C:\Users\eliza\Documents\CS330Content\Projects\8-2_Assignment\Source\MainCode.cpp(241,33): warning C4305: 'argument': truncation from 'double' to 'float'
C:\Users\eliza\Documents\CS330Content\Projects\8-2_Assignment\Source\MainCode.cpp(243,56): warning C4305: 'argument': truncation from 'double' to 'float'
C:\Users\eliza\Documents\CS330Content\Projects\8-2_Assignment\Source\MainCode.cpp(243,50): warning C4305: 'argument': truncation from 'double' to 'float'
C:\Users\eliza\Documents\CS330Content\Projects\8-2_Assignment\Source\MainCode.cpp(243,44): warning C4305: 'argument': truncation from 'double' to 'float'
C:\Users\eliza\Documents\CS330Content\Projects\8-2_Assignment\Source\MainCode.cpp(243,39): warning C4305: 'argument': truncation from 'double' to 'float'
C:\Users\eliza\Documents\CS330Content\Projects\8-2_Assignment\Source\MainCode.cpp(243,32): warning C4305: 'argument': truncation from 'double' to 'float'
C:\Users\eliza\Documents\CS330Content\Projects\8-2_Assignment\Source\MainCode.cpp(243,27): warning C4305: 'argument': truncation from 'double' to 'float'
C:\Users\eliza\Documents\CS330Content\Projects\8-2_Assignment\Source\MainCode.cpp(244,58): warning C4305: 'argument': truncation from 'double' to 'float'
C:\Users\eliza\Documents\CS330Content\Projects\8-2_Assignment\Source\MainCode.cpp(244,52): warning C4305: 'argument': truncation from 'double' to 'float'
C:\Users\eliza\Documents\CS330Content\Projects\8-2_Assignment\Source\MainCode.cpp(244,46): warning C4305: 'argument': truncation from 'double' to 'float'
C:\Users\eliza\Documents\CS330Content\Projects\8-2_Assignment\Source\MainCode.cpp(244,41): warning C4305: 'argument': truncation from 'double' to 'float'
C:\Users\eliza\Documents\CS330Content\Projects\8-2_Assignment\Source\MainCode.cpp(244,35): warning C4305: 'argument': truncation from 'double' to 'float'
C:\Users\eliza\Documents\CS330Content\Projects\8-2_Assignment\Source\MainCode.cpp(244,29): warning C4305: 'argument': truncation from 'double' to 'float'
C:\Users\eliza\Documents\CS330Content\Projects\8-2_Assignment\Source\MainCode.cpp(245,59): warning C4305: 'argument': truncation from 'double' to 'float'
C:\Users\eliza\Documents\CS330Content\Projects\8-2_Assignment\Source\MainCode.cpp(245,53): warning C4305: 'argument': truncation from 'double' to 'float'
C:\Users\eliza\Documents\CS330Content\Projects\8-2_Assignment\Source\MainCode.cpp(245,47): warning C4305: 'argument': truncation from 'double' to 'float'
C:\Users\eliza\Documents\CS330Content\Projects\8-2_Assignment\Source\MainCode.cpp(245,42): warning C4305: 'argument': truncation from 'double' to 'float'
C:\Users\eliza\Documents\CS330Content\Projects\8-2_Assignment\Source\MainCode.cpp(245,35): warning C4305: 'argument': truncation from 'double' to 'float'
C:\Users\eliza\Documents\CS330Content\Projects\8-2_Assignment\Source\MainCode.cpp(245,29): warning C4305: 'argument': truncation from 'double' to 'float'
C:\Users\eliza\Documents\CS330Content\Projects\8-2_Assignment\Source\MainCode.cpp(246,54): warning C4305: 'argument': truncation from 'double' to 'float'
C:\Users\eliza\Documents\CS330Content\Projects\8-2_Assignment\Source\MainCode.cpp(246,48): warning C4305: 'argument': truncation from 'double' to 'float'
C:\Users\eliza\Documents\CS330Content\Projects\8-2_Assignment\Source\MainCode.cpp(246,42): warning C4305: 'argument': truncation from 'double' to 'float'
C:\Users\eliza\Documents\CS330Content\Projects\8-2_Assignment\Source\MainCode.cpp(246,37): warning C4305: 'argument': truncation from 'double' to 'float'
C:\Users\eliza\Documents\CS330Content\Projects\8-2_Assignment\Source\MainCode.cpp(246,27): warning C4305: 'argument': truncation from 'double' to 'float'
C:\Users\eliza\Documents\CS330Content\Projects\8-2_Assignment\Source\MainCode.cpp(248,49): warning C4305: 'argument': truncation from 'double' to 'float'
C:\Users\eliza\Documents\CS330Content\Projects\8-2_Assignment\Source\MainCode.cpp(248,44): warning C4305: 'argument': truncation from 'double' to 'float'
C:\Users\eliza\Documents\CS330Content\Projects\8-2_Assignment\Source\MainCode.cpp(248,39): warning C4305: 'argument': truncation from 'double' to 'float'
C:\Users\eliza\Documents\CS330Content\Projects\8-2_Assignment\Source\MainCode.cpp(248,32): warning C4305: 'argument': truncation from 'double' to 'float'
C:\Users\eliza\Documents\CS330Content\Projects\8-2_Assignment\Source\MainCode.cpp(248,27): warning C4305: 'argument': truncation from 'double' to 'float'
C:\Users\eliza\Documents\CS330Content\Projects\8-2_Assignment\Source\MainCode.cpp(249,52): warning C4305: 'argument': truncation from 'double' to 'float'
C:\Users\eliza\Documents\CS330Content\Projects\8-2_Assignment\Source\MainCode.cpp(249,47): warning C4305: 'argument': truncation from 'double' to 'float'
C:\Users\eliza\Documents\CS330Content\Projects\8-2_Assignment\Source\MainCode.cpp(249,42): warning C4305: 'argument': truncation from 'double' to 'float'
C:\Users\eliza\Documents\CS330Content\Projects\8-2_Assignment\Source\MainCode.cpp(249,36): warning C4305: 'argument': truncation from 'double' to 'float'
C:\Users\eliza\Documents\CS330Content\Projects\8-2_Assignment\Source\MainCode.cpp(249,30): warning C4305: 'argument': truncation from 'double' to 'float'
C:\Users\eliza\Documents\CS330Content\Projects\8-2_Assignment\Source\MainCode.cpp(250,56): warning C4305: 'argument': truncation from 'double' to 'float'
C:\Users\eliza\Documents\CS330Content\Projects\8-2_Assignment\Source\MainCode.cpp(250,51): warning C4305: 'argument': truncation from 'double' to 'float'
C:\Users\eliza\Documents\CS330Content\Projects\8-2_Assignment\Source\MainCode.cpp(250,43): warning C4305: 'argument': truncation from 'double' to 'float'
C:\Users\eliza\Documents\CS330Content\Projects\8-2_Assignment\Source\MainCode.cpp(250,36): warning C4305: 'argument': truncation from 'double' to 'float'
C:\Users\eliza\Documents\CS330Content\Projects\8-2_Assignment\Source\MainCode.cpp(250,30): warning C4305: 'argument': truncation from 'double' to 'float'
C:\Users\eliza\Documents\CS330Content\Projects\8-2_Assignment\Source\MainCode.cpp(251,49): warning C4305: 'argument': truncation from 'double' to 'float'
C:\Users\eliza\Documents\CS330Content\Projects\8-2_Assignment\Source\MainCode.cpp(251,44): warning C4305: 'argument': truncation from 'double' to 'float'
C:\Users\eliza\Documents\CS330Content\Projects\8-2_Assignment\Source\MainCode.cpp(251,39): warning C4305: 'argument': truncation from 'double' to 'float'
C:\Users\eliza\Documents\CS330Content\Projects\8-2_Assignment\Source\MainCode.cpp(251,34): warning C4305: 'argument': truncation from 'double' to 'float'
C:\Users\eliza\Documents\CS330Content\Projects\8-2_Assignment\Source\MainCode.cpp(264,21): warning C4018: '<': signed/unsigned mismatch
C:\Users\eliza\Documents\CS330Content\Projects\8-2_Assignment\Source\MainCode.cpp(283,21): warning C4018: '<': signed/unsigned mismatch
C:\Users\eliza\Documents\CS330Content\Projects\8-2_Assignment\Source\MainCode.cpp(316,2): warning C4551: function call missing argument list
C:\Users\eliza\Documents\CS330Content\Projects\8-2_Assignment\Source\MainCode.cpp(331,37): warning C4244: 'argument': conversion from 'double' to 'float', possible loss of data
C:\Users\eliza\Documents\CS330Content\Projects\8-2_Assignment\Source\MainCode.cpp(331,34): warning C4244: 'argument': conversion from 'double' to 'float', possible loss of data
C:\Users\eliza\Documents\CS330Content\Projects\8-2_Assignment\Source\MainCode.cpp(331,31): warning C4244: 'argument': conversion from 'double' to 'float', possible loss of data
C:\Users\eliza\Documents\CS330Content\Projects\8-2_Assignment\Source\MainCode.cpp(331,25): warning C4305: 'argument': truncation from 'double' to 'float'
  8-2_Assignment.vcxproj -> C:\Users\eliza\Documents\CS330Content\Projects\8-2_Assignment\Debug\8-2_Assignment.exe
